Лог начат Ср 26. ноя 20:41:21 2014
Инициализация соединения с кластером началась...
Соединение с диспетчером...
Попытка подключиться к серверу 'localhost' на порт 5555
Соединение прошло успешно
Все необходимые от диспетчера данные получены, интерфейс готов к работе!
Настройки расчёта для новых задач установлены по умолчанию
Просим пользователя установить настройки расчёта для новых задач
Настройки расчёта для новых задач изменены
Ставим новую задачу в очередь.
Submit script finished successfully
D:/BN_work/10_2014/Abdul_1127_1101_1103_2624g_CT/model/FC/Abd2624gFC_exp1_00000.data: получен идентификатор 11
D:/BN_work/10_2014/Abdul_1127_1101_1103_2624g_CT/model/FC/Abd2624gFC_exp1_00000.data: задача стартовала
D:/BN_work/10_2014/Abdul_1127_1101_1103_2624g_CT/model/FC/Abd2624gFC_exp1_00000.data: Задача завершилась
Ставим новую задачу в очередь.
Submit script finished successfully
D:/BN_work/10_2014/Abdul_1127_1101_1103_2624g_CT/model/FC/Abd2624gFC_exp1_00001.data: получен идентификатор 12
D:/BN_work/10_2014/Abdul_1127_1101_1103_2624g_CT/model/FC/Abd2624gFC_exp1_00001.data: задача стартовала
D:/BN_work/10_2014/Abdul_1127_1101_1103_2624g_CT/model/FC/Abd2624gFC_exp1_00001.data: Задача завершилась
Ставим новую задачу в очередь.
Submit script finished successfully
D:/BN_work/10_2014/Abdul_1127_1101_1103_2624g_CT/model/FC/Abd2624gFC_exp1_00002.data: получен идентификатор 13
D:/BN_work/10_2014/Abdul_1127_1101_1103_2624g_CT/model/FC/Abd2624gFC_exp1_00002.data: задача стартовала
D:/BN_work/10_2014/Abdul_1127_1101_1103_2624g_CT/model/FC/Abd2624gFC_exp1_00002.data: Задача завершилась
Ставим новую задачу в очередь.
Submit script finished successfully
D:/BN_work/10_2014/Abdul_1127_1101_1103_2624g_CT/model/FC/Abd2624gFC_exp1_00003.data: получен идентификатор 14
D:/BN_work/10_2014/Abdul_1127_1101_1103_2624g_CT/model/FC/Abd2624gFC_exp1_00003.data: задача стартовала
D:/BN_work/10_2014/Abdul_1127_1101_1103_2624g_CT/model/FC/Abd2624gFC_exp1_00003.data: Задача завершилась
Ставим новую задачу в очередь.
Submit script finished successfully
D:/BN_work/10_2014/Abdul_1127_1101_1103_2624g_CT/model/FC/Abd2624gFC_exp1_00004.data: получен идентификатор 15
D:/BN_work/10_2014/Abdul_1127_1101_1103_2624g_CT/model/FC/Abd2624gFC_exp1_00004.data: задача стартовала
D:/BN_work/10_2014/Abdul_1127_1101_1103_2624g_CT/model/FC/Abd2624gFC_exp1_00004.data: Задача завершилась
Ставим новую задачу в очередь.
Submit script finished successfully
D:/BN_work/10_2014/Abdul_1127_1101_1103_2624g_CT/model/FC/Abd2624gFC_exp1_00005.data: получен идентификатор 16
D:/BN_work/10_2014/Abdul_1127_1101_1103_2624g_CT/model/FC/Abd2624gFC_exp1_00005.data: задача стартовала
D:/BN_work/10_2014/Abdul_1127_1101_1103_2624g_CT/model/FC/Abd2624gFC_exp1_00005.data: Задача завершилась
Ставим новую задачу в очередь.
Submit script finished successfully
D:/BN_work/10_2014/Abdul_1127_1101_1103_2624g_CT/model/FC/Abd2624gFC_exp1_00006.data: получен идентификатор 17
D:/BN_work/10_2014/Abdul_1127_1101_1103_2624g_CT/model/FC/Abd2624gFC_exp1_00006.data: задача стартовала
D:/BN_work/10_2014/Abdul_1127_1101_1103_2624g_CT/model/FC/Abd2624gFC_exp1_00006.data: Задача завершилась
Лог закончен Сб 29. ноя 13:11:34 2014
Лог начат Пт 5. дек 17:35:56 2014
"D:/BN_work/10_2014/Abdul_1127_1101_1103_2624g_CT/model/FC/Abd2624gFC_exp1_00000.data": результаты неполны.
Инициализация соединения с кластером началась...
Соединение с диспетчером...
Попытка подключиться к серверу 'localhost' на порт 5555
Соединение прошло успешно
Все необходимые от диспетчера данные получены, интерфейс готов к работе!
Настройки расчёта для новых задач уже заданы
Лог закончен Ср 10. дек 11:52:01 2014
